<?xml version="1.0" encoding="UTF-8"?>
<!-- Generated by org.testng.reporters.JUnitReportReporter -->
<testsuite hostname="A868LHYD" failures="0" tests="3" name="Json.JSon" time="3.503" errors="0" timestamp="2023-03-13T11:32:21 IST" skipped="0">
  <testcase classname="Json.JSon" name="Dynamson" time="0.446"/>
  <system-out/>
  <testcase classname="Json.JSon" name="Dynamson" time="0.344"/>
  <system-out/>
  <testcase classname="Json.JSon" name="Dynamson" time="2.713"/>
  <system-out/>
</testsuite> <!-- Json.JSon -->
